<?xml version="1.0" encoding="UTF-8"?>
<!-- Generated by org.testng.reporters.JUnitReportReporter -->
<testsuite skipped="0" hostname="SMT-LAP-053" name="com.smarteinc.api.tests.PEAPI_Modes" tests="1" failures="0" timestamp="30 Jun 2020 14:24:18 GMT" time="10.667" errors="0">
  <testcase name="verify_PEMode" time="10.667" classname="com.smarteinc.api.tests.PEAPI_Modes"/>
</testsuite> <!-- com.smarteinc.api.tests.PEAPI_Modes -->
