<?xml version="1.0" encoding="UTF-8"?>
<!-- Generated by org.testng.reporters.JUnitReportReporter -->
<testsuite skipped="0" hostname="SMT-LAP-053" name="com.smarteinc.api.tests.ReadCsvNew" tests="1" failures="0" timestamp="13 Mar 2020 11:43:31 GMT" time="926.861" errors="0">
  <testcase name="read" time="926.861" classname="com.smarteinc.api.tests.ReadCsvNew"/>
</testsuite> <!-- com.smarteinc.api.tests.ReadCsvNew -->
