<?xml version="1.0" encoding="UTF-8"?>
<!-- Generated by org.testng.reporters.JUnitReportReporter -->
<testsuite skipped="0" hostname="SMT-LAP-053" name="com.smarteinc.api.tests.csvSSLRead" tests="1" failures="0" timestamp="16 Mar 2020 09:23:41 GMT" time="12.489" errors="0">
  <testcase name="read" time="12.489" classname="com.smarteinc.api.tests.csvSSLRead"/>
</testsuite> <!-- com.smarteinc.api.tests.csvSSLRead -->
