<?xml version="1.0" encoding="UTF-8"?>
<!-- Generated by org.testng.reporters.JUnitReportReporter -->
<testsuite skipped="0" hostname="SMT-LAP-053" name="com.smarteinc.api.tests.ReadCsv" tests="1" failures="0" timestamp="13 Mar 2020 09:11:25 GMT" time="0.233" errors="0">
  <testcase name="readCsvFileTest" time="0.233" classname="com.smarteinc.api.tests.ReadCsv"/>
</testsuite> <!-- com.smarteinc.api.tests.ReadCsv -->
