<?xml version="1.0" encoding="UTF-8"?>
<!-- Generated by org.testng.reporters.JUnitReportReporter -->
<testsuite skipped="0" hostname="SMT-LAP-053" name="com.smarteinc.api.tests.MatchBackTest" tests="1" failures="0" timestamp="23 Jun 2020 15:59:50 GMT" time="14.387" errors="0">
  <testcase name="TestPEAPI_WithMode" time="14.387" classname="com.smarteinc.api.tests.MatchBackTest"/>
</testsuite> <!-- com.smarteinc.api.tests.MatchBackTest -->
