<?xml version="1.0" encoding="UTF-8"?>
<!-- Generated by org.testng.reporters.JUnitReportReporter -->
<testsuite skipped="0" hostname="SMT-LAP-053" name="com.smarteinc.api.tests.PEApiExecutionWithCSVTest" tests="1" failures="0" timestamp="24 Jun 2020 05:03:27 GMT" time="5.443" errors="0">
  <testcase name="readCSV" time="5.443" classname="com.smarteinc.api.tests.PEApiExecutionWithCSVTest"/>
</testsuite> <!-- com.smarteinc.api.tests.PEApiExecutionWithCSVTest -->
