<?xml version="1.0" encoding="UTF-8"?>
<!-- Generated by org.testng.reporters.JUnitReportReporter -->
<testsuite skipped="0" hostname="SMT-LAP-053" name="com.smarteinc.api.tests.DirectDialTest" tests="1" failures="0" timestamp="21 Jul 2020 16:14:41 GMT" time="11.416" errors="0">
  <testcase name="DirectdialTest" time="11.416" classname="com.smarteinc.api.tests.DirectDialTest"/>
</testsuite> <!-- com.smarteinc.api.tests.DirectDialTest -->
