<?xml version="1.0" encoding="UTF-8"?>
<!-- Generated by org.testng.reporters.JUnitReportReporter -->
<testsuite skipped="0" hostname="SMT-LAP-053" name="com.smarteinc.api.tests.PEAPI_Generic_Tran_tests" tests="1" failures="0" timestamp="16 Jan 2020 13:38:48 GMT" time="5.426" errors="0">
  <testcase name="GenericPEAPITranalyzerTest" time="5.426" classname="com.smarteinc.api.tests.PEAPI_Generic_Tran_tests"/>
</testsuite> <!-- com.smarteinc.api.tests.PEAPI_Generic_Tran_tests -->
