<?xml version="1.0" encoding="UTF-8"?>
<!-- Generated by org.testng.reporters.JUnitReportReporter -->
<testsuite skipped="0" hostname="pe-api-test" name="com.smarteinc.api.tests.PEApiExecutionWithCSVTest" tests="1" failures="0" timestamp="20 Apr 2020 07:41:33 GMT" time="2497.521" errors="0">
  <testcase name="readCSV" time="2497.521" classname="com.smarteinc.api.tests.PEApiExecutionWithCSVTest"/>
</testsuite> <!-- com.smarteinc.api.tests.PEApiExecutionWithCSVTest -->
